2025-06-04 11:07:36,311 - backend.main - INFO - FastAPI application created and configured.
2025-06-04 11:07:36,312 - backend.main - INFO - Application startup begins...
2025-06-04 11:07:36,312 - backend.main - INFO - Application startup complete.
2025-06-04 11:18:12,576 - backend.pipeline.doc_parser_pipeline - INFO - Split took 2.22s
2025-06-04 11:18:14,129 - unstructured_inference - INFO - Reading image file: /home/dedya/UniDocParser/backend/img/pages/6b7b3d60-eeae-47bd-a74e-acc69e32e981_dummy_scanned1_0.png ...
2025-06-04 11:18:21,963 - unstructured_inference - INFO - Loading the Table agent ...
2025-06-04 11:18:21,964 - unstructured_inference - INFO - Loading the table structure model ...
2025-06-04 11:18:22,545 - timm.models._builder - INFO - Loading pretrained weights from Hugging Face hub (timm/resnet18.a1_in1k)
2025-06-04 11:18:22,864 - timm.models._hub - INFO - [timm/resnet18.a1_in1k] Safe alternative available for 'pytorch_model.bin' (as 'model.safetensors'). Loading weights using safetensors.
2025-06-04 11:18:22,874 - timm.models._builder - INFO - Missing keys (fc.weight, fc.bias) discovered while loading pretrained weights. This is expected if model is being adapted.
2025-06-04 11:18:23,932 - backend.pipeline.doc_parser_pipeline - INFO - Extract Elements took 11.36s
2025-06-04 11:18:44,672 - backend.pipeline.doc_parser_pipeline - INFO - Extract Images took 20.74s
2025-06-04 11:18:44,678 - backend.pipeline.doc_parser_pipeline - INFO - Format Extracted Text took 0.00s
2025-06-04 11:19:28,521 - backend.pipeline.doc_parser_pipeline - INFO - Format Markdown took 43.84s
2025-06-04 11:19:28,529 - backend.pipeline.doc_parser_pipeline - INFO - Total pipeline time: 78.17s
2025-06-16 19:06:59,818 - backend.main - INFO - FastAPI application created and configured.
2025-06-16 19:06:59,820 - backend.main - INFO - Application startup begins...
2025-06-16 19:06:59,820 - backend.main - INFO - Application startup complete.
2025-06-17 16:30:46,146 - backend.main - INFO - FastAPI application created and configured.
2025-06-17 16:30:46,147 - backend.main - INFO - Application startup begins...
2025-06-17 16:30:46,148 - backend.main - INFO - Application startup complete.
2025-06-17 16:32:22,029 - backend.main - INFO - Application shutdown begins...
2025-06-17 16:32:22,030 - backend.main - INFO - Application shutdown complete.
2025-06-17 16:34:57,998 - backend.main - INFO - FastAPI application created and configured.
2025-06-17 16:34:57,998 - backend.main - INFO - Application startup begins...
2025-06-17 16:34:57,999 - backend.main - INFO - Application startup complete.
2025-06-17 16:35:22,572 - backend.pipeline.doc_parser_pipeline - INFO - Split took 4.97s
2025-06-17 16:35:23,616 - unstructured_inference - INFO - Reading image file: /home/dedya/mk.arif/UniDocParser/backend/img/pages/dbb18f70-ed4a-4422-a69a-5f4eec382869_dummy-data_0.jpeg ...
2025-06-17 16:35:27,845 - unstructured_inference - INFO - Loading the Table agent ...
2025-06-17 16:35:28,583 - unstructured_inference - INFO - Loading the table structure model ...
2025-06-17 16:35:29,105 - timm.models._builder - INFO - Loading pretrained weights from Hugging Face hub (timm/resnet18.a1_in1k)
2025-06-17 16:35:29,358 - timm.models._hub - INFO - [timm/resnet18.a1_in1k] Safe alternative available for 'pytorch_model.bin' (as 'model.safetensors'). Loading weights using safetensors.
2025-06-17 16:35:29,367 - timm.models._builder - INFO - Missing keys (fc.weight, fc.bias) discovered while loading pretrained weights. This is expected if model is being adapted.
2025-06-17 16:35:29,914 - unstructured_inference - INFO - Reading image file: /home/dedya/mk.arif/UniDocParser/backend/img/pages/dbb18f70-ed4a-4422-a69a-5f4eec382869_dummy-data_1.jpeg ...
2025-06-17 16:35:38,049 - unstructured_inference - INFO - Reading image file: /home/dedya/mk.arif/UniDocParser/backend/img/pages/dbb18f70-ed4a-4422-a69a-5f4eec382869_dummy-data_2.jpeg ...
2025-06-17 16:35:45,846 - unstructured_inference - INFO - Reading image file: /home/dedya/mk.arif/UniDocParser/backend/img/pages/dbb18f70-ed4a-4422-a69a-5f4eec382869_dummy-data_3.jpeg ...
2025-06-17 16:35:48,802 - unstructured_inference - INFO - Reading image file: /home/dedya/mk.arif/UniDocParser/backend/img/pages/dbb18f70-ed4a-4422-a69a-5f4eec382869_dummy-data_4.jpeg ...
2025-06-17 16:35:57,177 - backend.pipeline.doc_parser_pipeline - INFO - Extract Elements took 34.60s
2025-06-17 16:37:06,681 - backend.pipeline.doc_parser_pipeline - INFO - Extract Images took 69.50s
2025-06-17 16:37:06,689 - backend.pipeline.doc_parser_pipeline - INFO - Format Extracted Text took 0.01s
2025-06-17 16:43:49,065 - backend.pipeline.doc_parser_pipeline - INFO - Format Markdown took 402.38s
2025-06-17 16:43:49,068 - backend.pipeline.doc_parser_pipeline - INFO - Total pipeline time: 511.46s
2025-06-17 17:00:50,515 - backend.main - INFO - Application shutdown begins...
2025-06-17 17:00:50,515 - backend.main - INFO - Application shutdown complete.
2025-06-17 17:11:58,215 - backend.main - INFO - FastAPI application created and configured.
2025-06-17 17:11:58,216 - backend.main - INFO - Application startup begins...
2025-06-17 17:11:58,216 - backend.main - INFO - Application startup complete.
2025-06-17 17:13:04,814 - backend.pipeline.doc_parser_pipeline - INFO - Split took 5.10s
2025-06-17 17:13:06,073 - unstructured_inference - INFO - Reading image file: /home/dedya/mk.arif/UniDocParser/backend/img/pages/42ba2406-3d03-45a9-bf34-3c1bc2eac065_dummy-data_0.jpeg ...
2025-06-17 17:13:10,179 - unstructured_inference - INFO - Loading the Table agent ...
2025-06-17 17:13:10,440 - unstructured_inference - INFO - Loading the table structure model ...
2025-06-17 17:13:11,416 - timm.models._builder - INFO - Loading pretrained weights from Hugging Face hub (timm/resnet18.a1_in1k)
2025-06-17 17:13:11,679 - timm.models._hub - INFO - [timm/resnet18.a1_in1k] Safe alternative available for 'pytorch_model.bin' (as 'model.safetensors'). Loading weights using safetensors.
2025-06-17 17:13:11,695 - timm.models._builder - INFO - Missing keys (fc.weight, fc.bias) discovered while loading pretrained weights. This is expected if model is being adapted.
2025-06-17 17:13:12,280 - unstructured_inference - INFO - Reading image file: /home/dedya/mk.arif/UniDocParser/backend/img/pages/42ba2406-3d03-45a9-bf34-3c1bc2eac065_dummy-data_1.jpeg ...
2025-06-17 17:13:20,620 - unstructured_inference - INFO - Reading image file: /home/dedya/mk.arif/UniDocParser/backend/img/pages/42ba2406-3d03-45a9-bf34-3c1bc2eac065_dummy-data_2.jpeg ...
2025-06-17 17:13:28,817 - unstructured_inference - INFO - Reading image file: /home/dedya/mk.arif/UniDocParser/backend/img/pages/42ba2406-3d03-45a9-bf34-3c1bc2eac065_dummy-data_3.jpeg ...
2025-06-17 17:13:31,870 - unstructured_inference - INFO - Reading image file: /home/dedya/mk.arif/UniDocParser/backend/img/pages/42ba2406-3d03-45a9-bf34-3c1bc2eac065_dummy-data_4.jpeg ...
2025-06-17 17:13:40,367 - backend.pipeline.doc_parser_pipeline - INFO - Extract Elements took 35.55s
2025-06-17 17:14:45,755 - backend.pipeline.doc_parser_pipeline - INFO - Extract Images took 65.39s
2025-06-17 17:14:45,764 - backend.pipeline.doc_parser_pipeline - INFO - Format Extracted Text took 0.01s
2025-06-17 17:21:28,810 - backend.pipeline.doc_parser_pipeline - INFO - Format Markdown took 403.05s
2025-06-17 17:21:28,815 - backend.pipeline.doc_parser_pipeline - INFO - Total pipeline time: 509.10s
2025-06-17 18:19:53,126 - backend.pipeline.doc_parser_pipeline - INFO - Split took 5.29s
2025-06-17 18:19:53,129 - unstructured_inference - INFO - Reading image file: /home/dedya/mk.arif/UniDocParser/backend/img/pages/34c9f76c-824b-4be1-9788-b9e270a464bc_dummy-data_0.jpeg ...
2025-06-17 18:19:57,350 - unstructured_inference - INFO - Reading image file: /home/dedya/mk.arif/UniDocParser/backend/img/pages/34c9f76c-824b-4be1-9788-b9e270a464bc_dummy-data_1.jpeg ...
2025-06-17 18:20:03,184 - unstructured_inference - INFO - Reading image file: /home/dedya/mk.arif/UniDocParser/backend/img/pages/34c9f76c-824b-4be1-9788-b9e270a464bc_dummy-data_2.jpeg ...
2025-06-17 18:20:06,793 - backend.pipeline.doc_parser_pipeline - INFO - Split took 6.31s
2025-06-17 18:20:06,794 - unstructured_inference - INFO - Reading image file: /home/dedya/mk.arif/UniDocParser/backend/img/pages/4732771a-8a99-43af-901b-8b79dea9b5ce_dummy-data_0.jpeg ...
2025-06-17 18:20:11,156 - unstructured_inference - INFO - Reading image file: /home/dedya/mk.arif/UniDocParser/backend/img/pages/4732771a-8a99-43af-901b-8b79dea9b5ce_dummy-data_1.jpeg ...
2025-06-17 18:20:12,656 - unstructured_inference - INFO - Reading image file: /home/dedya/mk.arif/UniDocParser/backend/img/pages/34c9f76c-824b-4be1-9788-b9e270a464bc_dummy-data_3.jpeg ...
2025-06-17 18:20:15,966 - unstructured_inference - INFO - Reading image file: /home/dedya/mk.arif/UniDocParser/backend/img/pages/34c9f76c-824b-4be1-9788-b9e270a464bc_dummy-data_4.jpeg ...
2025-06-17 18:20:19,141 - unstructured_inference - INFO - Reading image file: /home/dedya/mk.arif/UniDocParser/backend/img/pages/4732771a-8a99-43af-901b-8b79dea9b5ce_dummy-data_2.jpeg ...
2025-06-17 18:20:25,221 - backend.pipeline.doc_parser_pipeline - INFO - Extract Elements took 32.09s
2025-06-17 18:20:27,087 - unstructured_inference - INFO - Reading image file: /home/dedya/mk.arif/UniDocParser/backend/img/pages/4732771a-8a99-43af-901b-8b79dea9b5ce_dummy-data_3.jpeg ...
2025-06-17 18:20:30,115 - unstructured_inference - INFO - Reading image file: /home/dedya/mk.arif/UniDocParser/backend/img/pages/4732771a-8a99-43af-901b-8b79dea9b5ce_dummy-data_4.jpeg ...
2025-06-17 18:20:39,056 - backend.pipeline.doc_parser_pipeline - INFO - Extract Elements took 32.26s
2025-06-17 18:22:12,746 - backend.pipeline.doc_parser_pipeline - INFO - Extract Images took 107.52s
2025-06-17 18:22:12,753 - backend.pipeline.doc_parser_pipeline - INFO - Format Extracted Text took 0.01s
2025-06-17 18:22:43,646 - backend.pipeline.doc_parser_pipeline - INFO - Extract Images took 124.59s
2025-06-17 18:22:43,654 - backend.pipeline.doc_parser_pipeline - INFO - Format Extracted Text took 0.01s
2025-06-17 18:36:18,499 - backend.pipeline.doc_parser_pipeline - INFO - Format Markdown took 814.84s
2025-06-17 18:36:18,502 - backend.pipeline.doc_parser_pipeline - INFO - Total pipeline time: 978.01s
2025-06-17 18:37:14,524 - backend.pipeline.doc_parser_pipeline - INFO - Format Markdown took 901.77s
2025-06-17 18:37:14,525 - backend.pipeline.doc_parser_pipeline - INFO - Total pipeline time: 1046.69s
2025-06-17 18:39:46,609 - backend.main - INFO - Application shutdown begins...
2025-06-17 18:39:46,609 - backend.main - INFO - Application shutdown complete.
2025-06-17 19:35:52,107 - backend.main - INFO - FastAPI application created and configured.
2025-06-17 19:35:52,108 - backend.main - INFO - Application startup begins...
2025-06-17 19:35:52,108 - backend.main - INFO - Application startup complete.
2025-06-17 19:36:19,938 - backend.pipeline.doc_parser_pipeline - INFO - Split took 7.80s
2025-06-17 19:36:20,623 - unstructured_inference - INFO - Reading image file: /home/dedya/mk.arif/UniDocParser/backend/img/pages/5ce5384a-774a-45dd-802d-85ab3a693899_AR for improved learnability_0.jpeg ...
2025-06-17 19:36:26,804 - unstructured_inference - INFO - Loading the Table agent ...
2025-06-17 19:36:27,060 - unstructured_inference - INFO - Loading the table structure model ...
2025-06-17 19:36:27,578 - timm.models._builder - INFO - Loading pretrained weights from Hugging Face hub (timm/resnet18.a1_in1k)
2025-06-17 19:36:27,827 - timm.models._hub - INFO - [timm/resnet18.a1_in1k] Safe alternative available for 'pytorch_model.bin' (as 'model.safetensors'). Loading weights using safetensors.
2025-06-17 19:36:27,838 - timm.models._builder - INFO - Missing keys (fc.weight, fc.bias) discovered while loading pretrained weights. This is expected if model is being adapted.
2025-06-17 19:36:28,229 - unstructured_inference - INFO - Reading image file: /home/dedya/mk.arif/UniDocParser/backend/img/pages/5ce5384a-774a-45dd-802d-85ab3a693899_AR for improved learnability_1.jpeg ...
2025-06-17 19:36:38,252 - unstructured_inference - INFO - Reading image file: /home/dedya/mk.arif/UniDocParser/backend/img/pages/5ce5384a-774a-45dd-802d-85ab3a693899_AR for improved learnability_2.jpeg ...
2025-06-17 19:36:49,783 - unstructured_inference - INFO - Reading image file: /home/dedya/mk.arif/UniDocParser/backend/img/pages/5ce5384a-774a-45dd-802d-85ab3a693899_AR for improved learnability_3.jpeg ...
2025-06-17 19:36:56,038 - unstructured_inference - INFO - Reading image file: /home/dedya/mk.arif/UniDocParser/backend/img/pages/5ce5384a-774a-45dd-802d-85ab3a693899_AR for improved learnability_4.jpeg ...
2025-06-17 19:37:02,165 - unstructured_inference - INFO - Reading image file: /home/dedya/mk.arif/UniDocParser/backend/img/pages/5ce5384a-774a-45dd-802d-85ab3a693899_AR for improved learnability_5.jpeg ...
2025-06-17 19:37:12,686 - unstructured_inference - INFO - Reading image file: /home/dedya/mk.arif/UniDocParser/backend/img/pages/5ce5384a-774a-45dd-802d-85ab3a693899_AR for improved learnability_6.jpeg ...
2025-06-17 19:37:18,456 - unstructured_inference - INFO - Reading image file: /home/dedya/mk.arif/UniDocParser/backend/img/pages/5ce5384a-774a-45dd-802d-85ab3a693899_AR for improved learnability_7.jpeg ...
2025-06-17 19:37:27,455 - unstructured_inference - INFO - Reading image file: /home/dedya/mk.arif/UniDocParser/backend/img/pages/5ce5384a-774a-45dd-802d-85ab3a693899_AR for improved learnability_8.jpeg ...
2025-06-17 19:37:35,543 - backend.pipeline.doc_parser_pipeline - INFO - Extract Elements took 75.60s
2025-06-17 19:38:53,440 - backend.pipeline.doc_parser_pipeline - INFO - Extract Images took 77.90s
2025-06-17 19:38:53,464 - backend.pipeline.doc_parser_pipeline - INFO - Format Extracted Text took 0.02s
2025-06-17 19:45:58,268 - backend.pipeline.doc_parser_pipeline - INFO - Format Markdown took 424.80s
2025-06-17 19:45:58,270 - backend.pipeline.doc_parser_pipeline - INFO - Total pipeline time: 586.13s
2025-06-17 19:46:39,621 - backend.main - INFO - Application shutdown begins...
2025-06-17 19:46:39,622 - backend.main - INFO - Application shutdown complete.
2025-06-17 19:47:53,275 - backend.main - INFO - FastAPI application created and configured.
2025-06-17 19:47:53,276 - backend.main - INFO - Application startup begins...
2025-06-17 19:47:53,276 - backend.main - INFO - Application startup complete.
2025-06-17 19:51:09,106 - backend.pipeline.doc_parser_pipeline - INFO - Split took 15.78s
2025-06-17 19:51:10,479 - unstructured_inference - INFO - Reading image file: /home/dedya/mk.arif/UniDocParser/backend/img/pages/a1121e3f-4401-4e68-ba95-c5ba77f64c26_attention_paper_0.jpeg ...
2025-06-17 19:51:14,775 - unstructured_inference - INFO - Loading the Table agent ...
2025-06-17 19:51:15,491 - unstructured_inference - INFO - Loading the table structure model ...
2025-06-17 19:51:16,924 - timm.models._builder - INFO - Loading pretrained weights from Hugging Face hub (timm/resnet18.a1_in1k)
2025-06-17 19:51:17,178 - timm.models._hub - INFO - [timm/resnet18.a1_in1k] Safe alternative available for 'pytorch_model.bin' (as 'model.safetensors'). Loading weights using safetensors.
2025-06-17 19:51:17,187 - timm.models._builder - INFO - Missing keys (fc.weight, fc.bias) discovered while loading pretrained weights. This is expected if model is being adapted.
2025-06-17 19:51:17,737 - unstructured_inference - INFO - Reading image file: /home/dedya/mk.arif/UniDocParser/backend/img/pages/a1121e3f-4401-4e68-ba95-c5ba77f64c26_attention_paper_1.jpeg ...
2025-06-17 19:51:23,261 - unstructured_inference - INFO - Reading image file: /home/dedya/mk.arif/UniDocParser/backend/img/pages/a1121e3f-4401-4e68-ba95-c5ba77f64c26_attention_paper_2.jpeg ...
2025-06-17 19:51:26,946 - unstructured_inference - INFO - Reading image file: /home/dedya/mk.arif/UniDocParser/backend/img/pages/a1121e3f-4401-4e68-ba95-c5ba77f64c26_attention_paper_3.jpeg ...
2025-06-17 19:51:30,637 - unstructured_inference - INFO - Reading image file: /home/dedya/mk.arif/UniDocParser/backend/img/pages/a1121e3f-4401-4e68-ba95-c5ba77f64c26_attention_paper_4.jpeg ...
2025-06-17 19:51:35,281 - unstructured_inference - INFO - Reading image file: /home/dedya/mk.arif/UniDocParser/backend/img/pages/a1121e3f-4401-4e68-ba95-c5ba77f64c26_attention_paper_5.jpeg ...
2025-06-17 19:51:43,226 - unstructured_inference - INFO - Reading image file: /home/dedya/mk.arif/UniDocParser/backend/img/pages/a1121e3f-4401-4e68-ba95-c5ba77f64c26_attention_paper_6.jpeg ...
2025-06-17 19:51:48,237 - unstructured_inference - INFO - Reading image file: /home/dedya/mk.arif/UniDocParser/backend/img/pages/a1121e3f-4401-4e68-ba95-c5ba77f64c26_attention_paper_7.jpeg ...
2025-06-17 19:51:53,466 - unstructured_inference - INFO - Reading image file: /home/dedya/mk.arif/UniDocParser/backend/img/pages/a1121e3f-4401-4e68-ba95-c5ba77f64c26_attention_paper_8.jpeg ...
2025-06-17 19:51:59,359 - unstructured_inference - INFO - Reading image file: /home/dedya/mk.arif/UniDocParser/backend/img/pages/a1121e3f-4401-4e68-ba95-c5ba77f64c26_attention_paper_9.jpeg ...
2025-06-17 19:52:04,531 - unstructured_inference - INFO - Reading image file: /home/dedya/mk.arif/UniDocParser/backend/img/pages/a1121e3f-4401-4e68-ba95-c5ba77f64c26_attention_paper_10.jpeg ...
2025-06-17 19:52:09,369 - unstructured_inference - INFO - Reading image file: /home/dedya/mk.arif/UniDocParser/backend/img/pages/a1121e3f-4401-4e68-ba95-c5ba77f64c26_attention_paper_11.jpeg ...
2025-06-17 19:52:13,775 - unstructured_inference - INFO - Reading image file: /home/dedya/mk.arif/UniDocParser/backend/img/pages/a1121e3f-4401-4e68-ba95-c5ba77f64c26_attention_paper_12.jpeg ...
2025-06-17 19:52:16,455 - unstructured_inference - INFO - Reading image file: /home/dedya/mk.arif/UniDocParser/backend/img/pages/a1121e3f-4401-4e68-ba95-c5ba77f64c26_attention_paper_13.jpeg ...
2025-06-17 19:52:19,460 - unstructured_inference - INFO - Reading image file: /home/dedya/mk.arif/UniDocParser/backend/img/pages/a1121e3f-4401-4e68-ba95-c5ba77f64c26_attention_paper_14.jpeg ...
2025-06-17 19:52:22,432 - backend.pipeline.doc_parser_pipeline - INFO - Extract Elements took 73.33s
2025-06-17 19:54:03,262 - backend.pipeline.doc_parser_pipeline - INFO - Extract Images took 100.83s
2025-06-17 19:54:03,280 - backend.pipeline.doc_parser_pipeline - INFO - Format Extracted Text took 0.02s
2025-06-17 20:04:21,296 - backend.pipeline.doc_parser_pipeline - INFO - Format Markdown took 618.01s
2025-06-17 20:04:21,300 - backend.pipeline.doc_parser_pipeline - INFO - Total pipeline time: 807.97s
2025-06-17 20:13:06,321 - backend.main - INFO - Application shutdown begins...
2025-06-17 20:13:06,321 - backend.main - INFO - Application shutdown complete.
2025-06-17 20:14:13,659 - backend.main - INFO - FastAPI application created and configured.
2025-06-17 20:14:13,659 - backend.main - INFO - Application startup begins...
2025-06-17 20:14:13,659 - backend.main - INFO - Application startup complete.
2025-06-17 20:14:17,770 - backend.main - INFO - Application shutdown begins...
2025-06-17 20:14:17,771 - backend.main - INFO - Application shutdown complete.
2025-06-17 20:15:24,990 - backend.main - INFO - FastAPI application created and configured.
2025-06-17 20:15:24,991 - backend.main - INFO - Application startup begins...
2025-06-17 20:15:24,991 - backend.main - INFO - Application startup complete.
2025-06-17 20:16:05,815 - backend.pipeline.doc_parser_pipeline - INFO - Split took 15.33s
2025-06-17 20:16:07,097 - unstructured_inference - INFO - Reading image file: /home/dedya/mk.arif/UniDocParser/backend/img/pages/fd64338b-ad30-4dcb-830e-82b4da79b97c_attention_paper_0.jpeg ...
2025-06-17 20:16:11,396 - unstructured_inference - INFO - Loading the Table agent ...
2025-06-17 20:16:11,652 - unstructured_inference - INFO - Loading the table structure model ...
2025-06-17 20:16:12,168 - timm.models._builder - INFO - Loading pretrained weights from Hugging Face hub (timm/resnet18.a1_in1k)
2025-06-17 20:16:12,420 - timm.models._hub - INFO - [timm/resnet18.a1_in1k] Safe alternative available for 'pytorch_model.bin' (as 'model.safetensors'). Loading weights using safetensors.
2025-06-17 20:16:12,431 - timm.models._builder - INFO - Missing keys (fc.weight, fc.bias) discovered while loading pretrained weights. This is expected if model is being adapted.
2025-06-17 20:16:12,924 - unstructured_inference - INFO - Reading image file: /home/dedya/mk.arif/UniDocParser/backend/img/pages/fd64338b-ad30-4dcb-830e-82b4da79b97c_attention_paper_1.jpeg ...
2025-06-17 20:16:18,644 - unstructured_inference - INFO - Reading image file: /home/dedya/mk.arif/UniDocParser/backend/img/pages/fd64338b-ad30-4dcb-830e-82b4da79b97c_attention_paper_2.jpeg ...
2025-06-17 20:16:22,223 - unstructured_inference - INFO - Reading image file: /home/dedya/mk.arif/UniDocParser/backend/img/pages/fd64338b-ad30-4dcb-830e-82b4da79b97c_attention_paper_3.jpeg ...
2025-06-17 20:16:26,076 - unstructured_inference - INFO - Reading image file: /home/dedya/mk.arif/UniDocParser/backend/img/pages/fd64338b-ad30-4dcb-830e-82b4da79b97c_attention_paper_4.jpeg ...
2025-06-17 20:16:30,642 - unstructured_inference - INFO - Reading image file: /home/dedya/mk.arif/UniDocParser/backend/img/pages/fd64338b-ad30-4dcb-830e-82b4da79b97c_attention_paper_5.jpeg ...
2025-06-17 20:16:38,870 - unstructured_inference - INFO - Reading image file: /home/dedya/mk.arif/UniDocParser/backend/img/pages/fd64338b-ad30-4dcb-830e-82b4da79b97c_attention_paper_6.jpeg ...
2025-06-17 20:16:43,737 - unstructured_inference - INFO - Reading image file: /home/dedya/mk.arif/UniDocParser/backend/img/pages/fd64338b-ad30-4dcb-830e-82b4da79b97c_attention_paper_7.jpeg ...
2025-06-17 20:16:49,050 - unstructured_inference - INFO - Reading image file: /home/dedya/mk.arif/UniDocParser/backend/img/pages/fd64338b-ad30-4dcb-830e-82b4da79b97c_attention_paper_8.jpeg ...
2025-06-17 20:16:54,660 - unstructured_inference - INFO - Reading image file: /home/dedya/mk.arif/UniDocParser/backend/img/pages/fd64338b-ad30-4dcb-830e-82b4da79b97c_attention_paper_9.jpeg ...
2025-06-17 20:16:59,832 - unstructured_inference - INFO - Reading image file: /home/dedya/mk.arif/UniDocParser/backend/img/pages/fd64338b-ad30-4dcb-830e-82b4da79b97c_attention_paper_10.jpeg ...
2025-06-17 20:17:04,710 - unstructured_inference - INFO - Reading image file: /home/dedya/mk.arif/UniDocParser/backend/img/pages/fd64338b-ad30-4dcb-830e-82b4da79b97c_attention_paper_11.jpeg ...
2025-06-17 20:17:09,446 - unstructured_inference - INFO - Reading image file: /home/dedya/mk.arif/UniDocParser/backend/img/pages/fd64338b-ad30-4dcb-830e-82b4da79b97c_attention_paper_12.jpeg ...
2025-06-17 20:17:12,374 - unstructured_inference - INFO - Reading image file: /home/dedya/mk.arif/UniDocParser/backend/img/pages/fd64338b-ad30-4dcb-830e-82b4da79b97c_attention_paper_13.jpeg ...
2025-06-17 20:17:15,181 - unstructured_inference - INFO - Reading image file: /home/dedya/mk.arif/UniDocParser/backend/img/pages/fd64338b-ad30-4dcb-830e-82b4da79b97c_attention_paper_14.jpeg ...
2025-06-17 20:17:18,036 - backend.pipeline.doc_parser_pipeline - INFO - Extract Elements took 72.22s
2025-06-17 20:18:51,333 - backend.pipeline.doc_parser_pipeline - INFO - Extract Images took 93.30s
2025-06-17 20:18:51,350 - backend.pipeline.doc_parser_pipeline - INFO - Format Extracted Text took 0.01s
2025-06-17 20:32:42,951 - backend.pipeline.doc_parser_pipeline - INFO - Format Markdown took 831.60s
2025-06-17 20:32:42,954 - backend.pipeline.doc_parser_pipeline - INFO - Total pipeline time: 1012.47s
2025-06-17 20:57:21,520 - backend.main - INFO - Application shutdown begins...
2025-06-17 20:57:21,520 - backend.main - INFO - Application shutdown complete.
2025-06-17 20:58:31,687 - backend.main - INFO - FastAPI application created and configured.
2025-06-17 20:58:31,688 - backend.main - INFO - Application startup begins...
2025-06-17 20:58:31,688 - backend.main - INFO - Application startup complete.
2025-06-17 20:59:20,242 - backend.pipeline.doc_parser_pipeline - INFO - Split took 8.40s
2025-06-17 20:59:21,546 - unstructured_inference - INFO - Reading image file: /home/dedya/mk.arif/UniDocParser/backend/img/pages/95aac0d3-9ca7-4d78-9f22-d5000b5e1bec_AR for improved learnability_0.jpeg ...
2025-06-17 20:59:28,105 - unstructured_inference - INFO - Loading the Table agent ...
2025-06-17 20:59:28,832 - unstructured_inference - INFO - Loading the table structure model ...
2025-06-17 20:59:29,367 - timm.models._builder - INFO - Loading pretrained weights from Hugging Face hub (timm/resnet18.a1_in1k)
2025-06-17 20:59:29,623 - timm.models._hub - INFO - [timm/resnet18.a1_in1k] Safe alternative available for 'pytorch_model.bin' (as 'model.safetensors'). Loading weights using safetensors.
2025-06-17 20:59:29,632 - timm.models._builder - INFO - Missing keys (fc.weight, fc.bias) discovered while loading pretrained weights. This is expected if model is being adapted.
2025-06-17 20:59:30,078 - unstructured_inference - INFO - Reading image file: /home/dedya/mk.arif/UniDocParser/backend/img/pages/95aac0d3-9ca7-4d78-9f22-d5000b5e1bec_AR for improved learnability_1.jpeg ...
2025-06-17 20:59:40,258 - unstructured_inference - INFO - Reading image file: /home/dedya/mk.arif/UniDocParser/backend/img/pages/95aac0d3-9ca7-4d78-9f22-d5000b5e1bec_AR for improved learnability_2.jpeg ...
2025-06-17 20:59:51,574 - unstructured_inference - INFO - Reading image file: /home/dedya/mk.arif/UniDocParser/backend/img/pages/95aac0d3-9ca7-4d78-9f22-d5000b5e1bec_AR for improved learnability_3.jpeg ...
2025-06-17 20:59:57,700 - unstructured_inference - INFO - Reading image file: /home/dedya/mk.arif/UniDocParser/backend/img/pages/95aac0d3-9ca7-4d78-9f22-d5000b5e1bec_AR for improved learnability_4.jpeg ...
2025-06-17 21:00:03,813 - unstructured_inference - INFO - Reading image file: /home/dedya/mk.arif/UniDocParser/backend/img/pages/95aac0d3-9ca7-4d78-9f22-d5000b5e1bec_AR for improved learnability_5.jpeg ...
2025-06-17 21:00:14,175 - unstructured_inference - INFO - Reading image file: /home/dedya/mk.arif/UniDocParser/backend/img/pages/95aac0d3-9ca7-4d78-9f22-d5000b5e1bec_AR for improved learnability_6.jpeg ...
2025-06-17 21:00:19,893 - unstructured_inference - INFO - Reading image file: /home/dedya/mk.arif/UniDocParser/backend/img/pages/95aac0d3-9ca7-4d78-9f22-d5000b5e1bec_AR for improved learnability_7.jpeg ...
2025-06-17 21:00:29,071 - unstructured_inference - INFO - Reading image file: /home/dedya/mk.arif/UniDocParser/backend/img/pages/95aac0d3-9ca7-4d78-9f22-d5000b5e1bec_AR for improved learnability_8.jpeg ...
2025-06-17 21:00:37,326 - backend.pipeline.doc_parser_pipeline - INFO - Extract Elements took 77.08s
2025-06-17 21:01:51,990 - backend.pipeline.doc_parser_pipeline - INFO - Extract Images took 74.66s
2025-06-17 21:01:52,015 - backend.pipeline.doc_parser_pipeline - INFO - Format Extracted Text took 0.02s
2025-06-17 21:19:02,480 - backend.pipeline.doc_parser_pipeline - INFO - Format Markdown took 1030.47s
2025-06-17 21:19:02,483 - backend.pipeline.doc_parser_pipeline - INFO - Total pipeline time: 1190.64s
2025-06-17 21:54:51,536 - backend.main - INFO - Application shutdown begins...
2025-06-17 21:54:51,536 - backend.main - INFO - Application shutdown complete.
2025-06-18 07:43:37,894 - backend.main - INFO - FastAPI application created and configured.
2025-06-18 07:43:37,894 - backend.main - INFO - Application startup begins...
2025-06-18 07:43:37,894 - backend.main - INFO - Application startup complete.
2025-06-18 07:47:12,769 - backend.pipeline.doc_parser_pipeline - INFO - Split took 3.96s
2025-06-18 07:47:13,646 - unstructured_inference - INFO - Reading image file: /home/dedya/mk.arif/UniDocParser/backend/img/pages/278a651f-b700-47d0-a23f-5c7b74cbacb3_test awi_0.jpeg ...
2025-06-18 07:47:15,897 - unstructured_inference - INFO - Loading the Table agent ...
2025-06-18 07:47:16,150 - unstructured_inference - INFO - Loading the table structure model ...
2025-06-18 07:47:16,691 - timm.models._builder - INFO - Loading pretrained weights from Hugging Face hub (timm/resnet18.a1_in1k)
2025-06-18 07:47:16,951 - timm.models._hub - INFO - [timm/resnet18.a1_in1k] Safe alternative available for 'pytorch_model.bin' (as 'model.safetensors'). Loading weights using safetensors.
2025-06-18 07:47:16,960 - timm.models._builder - INFO - Missing keys (fc.weight, fc.bias) discovered while loading pretrained weights. This is expected if model is being adapted.
2025-06-18 07:47:17,301 - unstructured_inference - INFO - Reading image file: /home/dedya/mk.arif/UniDocParser/backend/img/pages/278a651f-b700-47d0-a23f-5c7b74cbacb3_test awi_1.jpeg ...
2025-06-18 07:47:23,588 - unstructured_inference - INFO - Reading image file: /home/dedya/mk.arif/UniDocParser/backend/img/pages/278a651f-b700-47d0-a23f-5c7b74cbacb3_test awi_2.jpeg ...
2025-06-18 07:47:29,029 - unstructured_inference - INFO - Reading image file: /home/dedya/mk.arif/UniDocParser/backend/img/pages/278a651f-b700-47d0-a23f-5c7b74cbacb3_test awi_3.jpeg ...
2025-06-18 07:47:34,017 - unstructured_inference - INFO - Reading image file: /home/dedya/mk.arif/UniDocParser/backend/img/pages/278a651f-b700-47d0-a23f-5c7b74cbacb3_test awi_4.jpeg ...
2025-06-18 07:47:41,047 - backend.pipeline.doc_parser_pipeline - INFO - Extract Elements took 28.28s
2025-06-18 07:48:02,031 - backend.pipeline.doc_parser_pipeline - INFO - Extract Images took 20.98s
2025-06-18 07:48:02,039 - backend.pipeline.doc_parser_pipeline - INFO - Format Extracted Text took 0.01s
2025-06-18 07:52:21,191 - backend.pipeline.doc_parser_pipeline - INFO - Format Markdown took 259.15s
2025-06-18 07:52:21,195 - backend.pipeline.doc_parser_pipeline - INFO - Total pipeline time: 312.38s
2025-06-18 09:19:32,239 - backend.main - INFO - Application shutdown begins...
2025-06-18 09:19:32,239 - backend.main - INFO - Application shutdown complete.
2025-06-18 09:24:01,882 - backend.main - INFO - FastAPI application created and configured.
2025-06-18 09:24:01,883 - backend.main - INFO - Application startup begins...
2025-06-18 09:24:01,883 - backend.main - INFO - Application startup complete.
2025-06-18 09:24:58,506 - backend.pipeline.doc_parser_pipeline - INFO - Split took 7.95s
2025-06-18 09:24:59,359 - unstructured_inference - INFO - Reading image file: /home/dedya/mk.arif/UniDocParser/backend/img/pages/5a782580-45db-401e-8a02-1798752b8870_test pln_0.jpeg ...
2025-06-18 09:25:02,865 - unstructured_inference - INFO - Loading the Table agent ...
2025-06-18 09:25:03,123 - unstructured_inference - INFO - Loading the table structure model ...
2025-06-18 09:25:03,657 - timm.models._builder - INFO - Loading pretrained weights from Hugging Face hub (timm/resnet18.a1_in1k)
2025-06-18 09:25:03,925 - timm.models._hub - INFO - [timm/resnet18.a1_in1k] Safe alternative available for 'pytorch_model.bin' (as 'model.safetensors'). Loading weights using safetensors.
2025-06-18 09:25:03,935 - timm.models._builder - INFO - Missing keys (fc.weight, fc.bias) discovered while loading pretrained weights. This is expected if model is being adapted.
2025-06-18 09:25:04,329 - unstructured_inference - INFO - Reading image file: /home/dedya/mk.arif/UniDocParser/backend/img/pages/5a782580-45db-401e-8a02-1798752b8870_test pln_1.jpeg ...
2025-06-18 09:25:09,607 - unstructured_inference - INFO - Reading image file: /home/dedya/mk.arif/UniDocParser/backend/img/pages/5a782580-45db-401e-8a02-1798752b8870_test pln_2.jpeg ...
2025-06-18 09:25:11,849 - unstructured_inference - INFO - Reading image file: /home/dedya/mk.arif/UniDocParser/backend/img/pages/5a782580-45db-401e-8a02-1798752b8870_test pln_3.jpeg ...
2025-06-18 09:25:14,115 - unstructured_inference - INFO - Reading image file: /home/dedya/mk.arif/UniDocParser/backend/img/pages/5a782580-45db-401e-8a02-1798752b8870_test pln_4.jpeg ...
2025-06-18 09:25:16,888 - unstructured_inference - INFO - Reading image file: /home/dedya/mk.arif/UniDocParser/backend/img/pages/5a782580-45db-401e-8a02-1798752b8870_test pln_5.jpeg ...
2025-06-18 09:25:19,189 - unstructured_inference - INFO - Reading image file: /home/dedya/mk.arif/UniDocParser/backend/img/pages/5a782580-45db-401e-8a02-1798752b8870_test pln_6.jpeg ...
2025-06-18 09:25:25,315 - backend.pipeline.doc_parser_pipeline - INFO - Extract Elements took 26.81s
2025-06-18 09:27:16,688 - backend.pipeline.doc_parser_pipeline - INFO - Extract Images took 111.37s
2025-06-18 09:27:16,694 - backend.pipeline.doc_parser_pipeline - INFO - Format Extracted Text took 0.01s
2025-06-18 09:32:21,835 - backend.pipeline.doc_parser_pipeline - INFO - Format Markdown took 305.14s
2025-06-18 09:32:21,838 - backend.pipeline.doc_parser_pipeline - INFO - Total pipeline time: 451.28s
2025-06-18 10:37:53,605 - backend.main - INFO - Application shutdown begins...
2025-06-18 10:37:53,605 - backend.main - INFO - Application shutdown complete.
2025-06-19 23:29:19,021 - backend.main - INFO - FastAPI application created and configured.
2025-06-19 23:29:19,021 - backend.main - INFO - Application startup begins...
2025-06-19 23:29:19,021 - backend.main - INFO - Application startup complete.
2025-06-19 23:30:33,606 - backend.pipeline.doc_parser_pipeline - INFO - Split took 4.92s
2025-06-19 23:30:37,666 - unstructured_inference - INFO - Reading image file: /home/dedya/mk.arif/UniDocParser/backend/img/pages/89a5fc03-ac97-4d96-975c-2e64e75f8e2e_dummy-data_0.jpeg ...
2025-06-19 23:30:41,809 - unstructured_inference - INFO - Loading the Table agent ...
2025-06-19 23:30:42,090 - unstructured_inference - INFO - Loading the table structure model ...
2025-06-19 23:30:42,636 - timm.models._builder - INFO - Loading pretrained weights from Hugging Face hub (timm/resnet18.a1_in1k)
2025-06-19 23:30:43,360 - timm.models._hub - INFO - [timm/resnet18.a1_in1k] Safe alternative available for 'pytorch_model.bin' (as 'model.safetensors'). Loading weights using safetensors.
2025-06-19 23:30:43,369 - timm.models._builder - INFO - Missing keys (fc.weight, fc.bias) discovered while loading pretrained weights. This is expected if model is being adapted.
2025-06-19 23:30:43,913 - unstructured_inference - INFO - Reading image file: /home/dedya/mk.arif/UniDocParser/backend/img/pages/89a5fc03-ac97-4d96-975c-2e64e75f8e2e_dummy-data_1.jpeg ...
2025-06-19 23:30:52,883 - unstructured_inference - INFO - Reading image file: /home/dedya/mk.arif/UniDocParser/backend/img/pages/89a5fc03-ac97-4d96-975c-2e64e75f8e2e_dummy-data_2.jpeg ...
2025-06-19 23:31:00,771 - unstructured_inference - INFO - Reading image file: /home/dedya/mk.arif/UniDocParser/backend/img/pages/89a5fc03-ac97-4d96-975c-2e64e75f8e2e_dummy-data_3.jpeg ...
2025-06-19 23:31:03,612 - unstructured_inference - INFO - Reading image file: /home/dedya/mk.arif/UniDocParser/backend/img/pages/89a5fc03-ac97-4d96-975c-2e64e75f8e2e_dummy-data_4.jpeg ...
2025-06-19 23:31:12,190 - backend.pipeline.doc_parser_pipeline - INFO - Extract Elements took 38.58s
2025-06-19 23:32:19,561 - backend.pipeline.doc_parser_pipeline - INFO - Extract Images took 67.37s
2025-06-19 23:32:19,569 - backend.pipeline.doc_parser_pipeline - INFO - Format Extracted Text took 0.01s
2025-06-19 23:38:25,042 - backend.pipeline.doc_parser_pipeline - INFO - Format Markdown took 365.47s
2025-06-19 23:38:25,046 - backend.pipeline.doc_parser_pipeline - INFO - Total pipeline time: 476.36s
2025-06-19 23:39:14,836 - backend.main - INFO - Application shutdown begins...
2025-06-19 23:39:14,837 - backend.main - INFO - Application shutdown complete.
2025-06-20 13:50:45,088 - backend.main - INFO - FastAPI application created and configured.
2025-06-20 13:50:45,088 - backend.main - INFO - Application startup begins...
2025-06-20 13:50:45,088 - backend.main - INFO - Application startup complete.
2025-06-20 13:54:33,834 - backend.main - INFO - Application shutdown begins...
2025-06-20 13:54:33,834 - backend.main - INFO - Application shutdown complete.
2025-06-23 14:02:03,755 - backend.main - INFO - FastAPI application created and configured.
2025-06-23 14:02:03,757 - backend.main - INFO - Application startup begins...
2025-06-23 14:02:03,758 - backend.main - INFO - Application startup complete.
2025-06-23 14:02:44,848 - backend.pipeline.doc_parser_pipeline - INFO - Split took 1.22s
2025-06-23 14:02:49,052 - unstructured_inference - INFO - Reading image file: /home/dedya/UniDocParser/backend/img/pages/4fd37887-bda5-45d8-9b20-9926f552d944_dummy_scanned1_0.jpeg ...
2025-06-23 14:02:53,417 - unstructured_inference - INFO - Loading the Table agent ...
2025-06-23 14:02:53,417 - unstructured_inference - INFO - Loading the table structure model ...
2025-06-23 14:02:53,970 - timm.models._builder - INFO - Loading pretrained weights from Hugging Face hub (timm/resnet18.a1_in1k)
2025-06-23 14:02:54,242 - timm.models._hub - INFO - [timm/resnet18.a1_in1k] Safe alternative available for 'pytorch_model.bin' (as 'model.safetensors'). Loading weights using safetensors.
2025-06-23 14:02:54,252 - timm.models._builder - INFO - Missing keys (fc.weight, fc.bias) discovered while loading pretrained weights. This is expected if model is being adapted.
2025-06-23 14:02:55,377 - backend.pipeline.doc_parser_pipeline - INFO - Extract Elements took 10.53s
2025-06-23 14:27:09,313 - backend.pipeline.doc_parser_pipeline - INFO - Split took 1.20s
2025-06-23 14:27:09,315 - unstructured_inference - INFO - Reading image file: /home/dedya/UniDocParser/backend/img/pages/c5708418-dcda-4c1e-85c4-5f2fb48af00a_dummy_scanned1_0.jpeg ...
2025-06-23 14:27:13,747 - backend.pipeline.doc_parser_pipeline - INFO - Extract Elements took 4.43s
2025-06-23 14:27:33,609 - backend.pipeline.doc_parser_pipeline - INFO - Split took 1.31s
2025-06-23 14:27:33,611 - unstructured_inference - INFO - Reading image file: /home/dedya/UniDocParser/backend/img/pages/f0af3ea7-004c-43b7-862a-ea07691e9f0e_dummy_scanned1_0.jpeg ...
2025-06-23 14:27:37,951 - backend.pipeline.doc_parser_pipeline - INFO - Extract Elements took 4.34s
2025-06-23 14:29:05,280 - backend.main - INFO - Application shutdown begins...
2025-06-23 14:29:05,280 - backend.main - INFO - Application shutdown complete.
2025-06-23 14:30:25,899 - backend.main - INFO - FastAPI application created and configured.
2025-06-23 14:30:25,900 - backend.main - INFO - Application startup begins...
2025-06-23 14:30:25,900 - backend.main - INFO - Application startup complete.
2025-06-23 14:30:53,176 - backend.pipeline.doc_parser_pipeline - INFO - Split took 1.31s
2025-06-23 14:30:57,044 - unstructured_inference - INFO - Reading image file: /home/dedya/UniDocParser/backend/img/pages/2a0de884-1816-4459-adfe-a42297b10517_dummy_scanned1_0.jpeg ...
2025-06-23 14:31:01,510 - unstructured_inference - INFO - Loading the Table agent ...
2025-06-23 14:31:01,510 - unstructured_inference - INFO - Loading the table structure model ...
2025-06-23 14:31:02,073 - timm.models._builder - INFO - Loading pretrained weights from Hugging Face hub (timm/resnet18.a1_in1k)
2025-06-23 14:31:02,339 - timm.models._hub - INFO - [timm/resnet18.a1_in1k] Safe alternative available for 'pytorch_model.bin' (as 'model.safetensors'). Loading weights using safetensors.
2025-06-23 14:31:02,349 - timm.models._builder - INFO - Missing keys (fc.weight, fc.bias) discovered while loading pretrained weights. This is expected if model is being adapted.
2025-06-23 14:31:03,285 - backend.pipeline.doc_parser_pipeline - INFO - Extract Elements took 10.11s
2025-06-23 14:31:53,054 - backend.pipeline.doc_parser_pipeline - INFO - Extract Images took 49.77s
2025-06-23 14:31:53,060 - backend.pipeline.doc_parser_pipeline - INFO - Format Extracted Text took 0.01s
2025-06-23 14:32:45,350 - backend.pipeline.doc_parser_pipeline - INFO - Format Markdown took 52.29s
2025-06-23 14:32:45,353 - backend.pipeline.doc_parser_pipeline - INFO - Total pipeline time: 113.49s
2025-06-23 14:49:25,201 - backend.main - INFO - Application shutdown begins...
2025-06-23 14:49:25,201 - backend.main - INFO - Application shutdown complete.
2025-06-23 14:50:33,508 - backend.main - INFO - FastAPI application created and configured.
2025-06-23 14:50:33,509 - backend.main - INFO - Application startup begins...
2025-06-23 14:50:33,509 - backend.main - INFO - Application startup complete.
2025-06-23 15:00:48,044 - backend.main - INFO - Application shutdown begins...
2025-06-23 15:00:48,044 - backend.main - INFO - Application shutdown complete.
2025-06-23 15:01:58,778 - backend.main - INFO - FastAPI application created and configured.
2025-06-23 15:01:58,779 - backend.main - INFO - Application startup begins...
2025-06-23 15:01:58,779 - backend.main - INFO - Application startup complete.
2025-06-23 15:04:13,392 - backend.main - INFO - Application shutdown begins...
2025-06-23 15:04:13,393 - backend.main - INFO - Application shutdown complete.
2025-06-23 15:05:18,272 - backend.main - INFO - FastAPI application created and configured.
2025-06-23 15:05:18,272 - backend.main - INFO - Application startup begins...
2025-06-23 15:05:18,272 - backend.main - INFO - Application startup complete.
2025-06-23 15:07:35,262 - backend.pipeline.doc_parser_pipeline - INFO - Split took 0.02s
2025-06-23 15:10:13,708 - backend.main - INFO - Application shutdown begins...
2025-06-23 15:10:13,708 - backend.main - INFO - Application shutdown complete.
2025-06-23 15:11:21,039 - backend.main - INFO - FastAPI application created and configured.
2025-06-23 15:11:21,039 - backend.main - INFO - Application startup begins...
2025-06-23 15:11:21,039 - backend.main - INFO - Application startup complete.
2025-06-23 15:12:15,154 - backend.pipeline.doc_parser_pipeline - INFO - Split took 0.11s
2025-06-23 15:17:19,203 - backend.main - INFO - Application shutdown begins...
2025-06-23 15:17:19,203 - backend.main - INFO - Application shutdown complete.
2025-06-23 15:35:16,268 - backend.main - INFO - FastAPI application created and configured.
2025-06-23 15:35:16,269 - backend.main - INFO - Application startup begins...
2025-06-23 15:35:16,269 - backend.main - INFO - Application startup complete.
2025-06-23 15:35:49,401 - backend.pipeline.doc_parser_pipeline - INFO - Split took 0.11s
2025-06-23 15:36:28,612 - backend.main - INFO - Application shutdown begins...
2025-06-23 15:36:28,612 - backend.main - INFO - Application shutdown complete.
2025-06-24 09:29:45,138 - backend.main - INFO - FastAPI application created and configured.
2025-06-24 09:29:45,138 - backend.main - INFO - Application startup begins...
2025-06-24 09:29:45,139 - backend.main - INFO - Application startup complete.
2025-06-24 09:31:36,992 - backend.pipeline.doc_parser_pipeline - INFO - Split took 0.11s
2025-06-24 09:32:20,989 - backend.pipeline.doc_parser_pipeline - INFO - Split took 0.02s
2025-06-24 09:34:56,192 - backend.main - INFO - Application shutdown begins...
2025-06-24 09:34:56,192 - backend.main - INFO - Application shutdown complete.
2025-06-24 09:36:05,866 - backend.main - INFO - FastAPI application created and configured.
2025-06-24 09:36:05,866 - backend.main - INFO - Application startup begins...
2025-06-24 09:36:05,867 - backend.main - INFO - Application startup complete.
2025-06-24 09:36:26,816 - backend.pipeline.doc_parser_pipeline - INFO - Split took 0.12s
2025-06-24 09:44:50,289 - backend.main - INFO - Application shutdown begins...
2025-06-24 09:44:50,289 - backend.main - INFO - Application shutdown complete.
2025-06-24 09:45:57,141 - backend.main - INFO - FastAPI application created and configured.
2025-06-24 09:45:57,141 - backend.main - INFO - Application startup begins...
2025-06-24 09:45:57,142 - backend.main - INFO - Application startup complete.
2025-06-24 09:46:14,578 - backend.pipeline.doc_parser_pipeline - INFO - Split took 0.11s
2025-06-24 09:47:12,739 - backend.main - INFO - Application shutdown begins...
2025-06-24 09:47:12,739 - backend.main - INFO - Application shutdown complete.
2025-06-24 09:48:22,058 - backend.main - INFO - FastAPI application created and configured.
2025-06-24 09:48:22,059 - backend.main - INFO - Application startup begins...
2025-06-24 09:48:22,059 - backend.main - INFO - Application startup complete.
2025-06-24 09:48:45,101 - backend.pipeline.doc_parser_pipeline - INFO - Split took 0.11s
2025-06-24 09:48:47,841 - backend.pipeline.doc_parser_pipeline - INFO - Extract Elements took 2.74s
2025-06-24 09:48:47,842 - backend.pipeline.doc_parser_pipeline - INFO - Extract Images took 0.00s
2025-06-24 09:48:47,854 - backend.pipeline.doc_parser_pipeline - INFO - Format Extracted Text took 0.01s
2025-06-24 09:59:23,452 - backend.main - INFO - Application shutdown begins...
2025-06-24 09:59:23,452 - backend.main - INFO - Application shutdown complete.
2025-06-24 10:00:37,121 - backend.main - INFO - FastAPI application created and configured.
2025-06-24 10:00:37,122 - backend.main - INFO - Application startup begins...
2025-06-24 10:00:37,122 - backend.main - INFO - Application startup complete.
2025-06-24 10:01:03,223 - backend.pipeline.doc_parser_pipeline - INFO - Split took 0.11s
2025-06-24 10:01:06,135 - backend.pipeline.doc_parser_pipeline - INFO - Extract Elements took 2.91s
2025-06-24 10:01:06,136 - backend.pipeline.doc_parser_pipeline - INFO - Extract Images took 0.00s
2025-06-24 10:01:06,149 - backend.pipeline.doc_parser_pipeline - INFO - Format Extracted Text took 0.01s
2025-06-24 10:01:06,150 - backend.pipeline.doc_parser_pipeline - INFO - Total pipeline time: 3.04s
2025-06-24 10:11:11,942 - backend.main - INFO - Application shutdown begins...
2025-06-24 10:11:11,943 - backend.main - INFO - Application shutdown complete.
2025-06-24 10:12:17,938 - backend.main - INFO - FastAPI application created and configured.
2025-06-24 10:12:17,939 - backend.main - INFO - Application startup begins...
2025-06-24 10:12:17,939 - backend.main - INFO - Application startup complete.
2025-06-24 10:12:32,412 - backend.pipeline.doc_parser_pipeline - INFO - Split took 0.11s
2025-06-24 10:12:35,353 - backend.pipeline.doc_parser_pipeline - INFO - Extract Elements took 2.94s
2025-06-24 10:12:35,354 - backend.pipeline.doc_parser_pipeline - INFO - Extract Images took 0.00s
2025-06-24 10:12:35,368 - backend.pipeline.doc_parser_pipeline - INFO - Format Extracted Text took 0.01s
2025-06-24 10:12:35,369 - backend.pipeline.doc_parser_pipeline - INFO - Total pipeline time: 3.06s
2025-06-24 10:13:33,606 - backend.main - INFO - Application shutdown begins...
2025-06-24 10:13:33,606 - backend.main - INFO - Application shutdown complete.
2025-06-24 10:14:44,133 - backend.main - INFO - FastAPI application created and configured.
2025-06-24 10:14:44,133 - backend.main - INFO - Application startup begins...
2025-06-24 10:14:44,133 - backend.main - INFO - Application startup complete.
2025-06-24 10:14:57,461 - backend.pipeline.doc_parser_pipeline - INFO - Split took 0.10s
2025-06-24 10:15:00,086 - backend.pipeline.doc_parser_pipeline - INFO - Extract Elements took 2.62s
2025-06-24 10:15:00,087 - backend.pipeline.doc_parser_pipeline - INFO - Extract Images took 0.00s
2025-06-24 10:15:00,100 - backend.pipeline.doc_parser_pipeline - INFO - Format Extracted Text took 0.01s
2025-06-24 10:15:00,100 - backend.pipeline.doc_parser_pipeline - INFO - Total pipeline time: 2.74s
2025-06-24 10:16:03,872 - backend.pipeline.doc_parser_pipeline - INFO - Split took 1.20s
2025-06-24 10:16:06,001 - unstructured_inference - INFO - Reading PDF for file: /home/dedya/UniDocParser/uploads/ed9902f1-db4b-480f-8cc7-3245cad09a2d_dummy_scanned1.pdf ...
2025-06-24 10:16:11,560 - unstructured_inference - INFO - Loading the Table agent ...
2025-06-24 10:16:11,560 - unstructured_inference - INFO - Loading the table structure model ...
2025-06-24 10:16:12,119 - timm.models._builder - INFO - Loading pretrained weights from Hugging Face hub (timm/resnet18.a1_in1k)
2025-06-24 10:16:12,431 - timm.models._hub - INFO - [timm/resnet18.a1_in1k] Safe alternative available for 'pytorch_model.bin' (as 'model.safetensors'). Loading weights using safetensors.
2025-06-24 10:16:12,442 - timm.models._builder - INFO - Missing keys (fc.weight, fc.bias) discovered while loading pretrained weights. This is expected if model is being adapted.
2025-06-24 10:16:13,070 - backend.pipeline.doc_parser_pipeline - INFO - Extract Elements took 9.20s
2025-06-24 10:16:44,137 - backend.pipeline.doc_parser_pipeline - INFO - Extract Images took 31.07s
2025-06-24 10:16:44,140 - backend.pipeline.doc_parser_pipeline - INFO - Format Extracted Text took 0.00s
2025-06-24 10:17:26,228 - backend.pipeline.doc_parser_pipeline - INFO - Format Markdown took 42.09s
2025-06-24 10:17:26,229 - backend.pipeline.doc_parser_pipeline - INFO - Total pipeline time: 83.56s
2025-06-24 10:19:25,308 - backend.pipeline.doc_parser_pipeline - INFO - Split took 0.02s
2025-06-24 10:19:25,398 - backend.pipeline.doc_parser_pipeline - INFO - Extract Elements took 0.09s
2025-06-24 10:19:25,398 - backend.pipeline.doc_parser_pipeline - INFO - Extract Images took 0.00s
2025-06-24 10:19:25,411 - backend.pipeline.doc_parser_pipeline - INFO - Format Extracted Text took 0.01s
2025-06-24 10:19:25,411 - backend.pipeline.doc_parser_pipeline - INFO - Total pipeline time: 0.12s
2025-06-24 10:20:06,893 - backend.pipeline.doc_parser_pipeline - INFO - Split took 0.02s
2025-06-24 10:20:06,979 - backend.pipeline.doc_parser_pipeline - INFO - Extract Elements took 0.08s
2025-06-24 10:20:06,979 - backend.pipeline.doc_parser_pipeline - INFO - Extract Images took 0.00s
2025-06-24 10:20:06,992 - backend.pipeline.doc_parser_pipeline - INFO - Format Extracted Text took 0.01s
2025-06-24 10:20:06,992 - backend.pipeline.doc_parser_pipeline - INFO - Total pipeline time: 0.11s
2025-06-24 10:23:50,096 - backend.pipeline.doc_parser_pipeline - INFO - Split took 0.02s
2025-06-24 10:23:50,174 - backend.pipeline.doc_parser_pipeline - INFO - Extract Elements took 0.08s
2025-06-24 10:23:50,175 - backend.pipeline.doc_parser_pipeline - INFO - Extract Images took 0.00s
2025-06-24 10:23:50,186 - backend.pipeline.doc_parser_pipeline - INFO - Format Extracted Text took 0.01s
2025-06-24 10:23:50,186 - backend.pipeline.doc_parser_pipeline - INFO - Total pipeline time: 0.11s
2025-06-24 10:23:56,036 - backend.main - INFO - Application shutdown begins...
2025-06-24 10:23:56,036 - backend.main - INFO - Application shutdown complete.
2025-06-24 10:25:01,379 - backend.main - INFO - FastAPI application created and configured.
2025-06-24 10:25:01,380 - backend.main - INFO - Application startup begins...
2025-06-24 10:25:01,380 - backend.main - INFO - Application startup complete.
2025-06-24 10:25:22,747 - backend.pipeline.doc_parser_pipeline - INFO - Split took 0.12s
2025-06-24 10:25:25,939 - backend.pipeline.doc_parser_pipeline - INFO - Extract Elements took 3.19s
2025-06-24 10:25:25,940 - backend.pipeline.doc_parser_pipeline - INFO - Extract Images took 0.00s
2025-06-24 10:25:25,955 - backend.pipeline.doc_parser_pipeline - INFO - Format Extracted Text took 0.01s
2025-06-24 10:25:25,956 - backend.pipeline.doc_parser_pipeline - INFO - Total pipeline time: 3.32s
2025-06-24 10:26:22,430 - backend.pipeline.doc_parser_pipeline - INFO - Split took 0.02s
2025-06-24 10:26:22,508 - backend.pipeline.doc_parser_pipeline - INFO - Extract Elements took 0.08s
2025-06-24 10:26:22,509 - backend.pipeline.doc_parser_pipeline - INFO - Extract Images took 0.00s
2025-06-24 10:26:22,521 - backend.pipeline.doc_parser_pipeline - INFO - Format Extracted Text took 0.01s
2025-06-24 10:26:22,521 - backend.pipeline.doc_parser_pipeline - INFO - Total pipeline time: 0.11s
2025-06-24 10:27:43,298 - backend.pipeline.doc_parser_pipeline - INFO - Split took 0.02s
2025-06-24 10:27:43,388 - backend.pipeline.doc_parser_pipeline - INFO - Extract Elements took 0.09s
2025-06-24 10:27:43,388 - backend.pipeline.doc_parser_pipeline - INFO - Extract Images took 0.00s
2025-06-24 10:27:43,400 - backend.pipeline.doc_parser_pipeline - INFO - Format Extracted Text took 0.01s
2025-06-24 10:27:43,400 - backend.pipeline.doc_parser_pipeline - INFO - Total pipeline time: 0.12s
2025-06-24 10:29:09,323 - backend.pipeline.doc_parser_pipeline - INFO - Split took 0.02s
2025-06-24 10:29:09,404 - backend.pipeline.doc_parser_pipeline - INFO - Extract Elements took 0.08s
2025-06-24 10:29:09,404 - backend.pipeline.doc_parser_pipeline - INFO - Extract Images took 0.00s
2025-06-24 10:29:09,415 - backend.pipeline.doc_parser_pipeline - INFO - Format Extracted Text took 0.01s
2025-06-24 10:29:09,416 - backend.pipeline.doc_parser_pipeline - INFO - Total pipeline time: 0.11s
2025-06-24 10:35:58,845 - backend.pipeline.doc_parser_pipeline - INFO - Split took 1.24s
2025-06-24 10:36:01,081 - unstructured_inference - INFO - Reading PDF for file: /home/dedya/UniDocParser/uploads/7d38d8cd-ffa4-4df6-900c-de3763c382ed_dummy_scanned1.pdf ...
2025-06-24 10:36:06,666 - unstructured_inference - INFO - Loading the Table agent ...
2025-06-24 10:36:06,667 - unstructured_inference - INFO - Loading the table structure model ...
2025-06-24 10:36:07,332 - timm.models._builder - INFO - Loading pretrained weights from Hugging Face hub (timm/resnet18.a1_in1k)
2025-06-24 10:36:07,641 - timm.models._hub - INFO - [timm/resnet18.a1_in1k] Safe alternative available for 'pytorch_model.bin' (as 'model.safetensors'). Loading weights using safetensors.
2025-06-24 10:36:07,652 - timm.models._builder - INFO - Missing keys (fc.weight, fc.bias) discovered while loading pretrained weights. This is expected if model is being adapted.
2025-06-24 10:36:08,298 - backend.pipeline.doc_parser_pipeline - INFO - Extract Elements took 9.45s
2025-06-24 10:36:41,934 - backend.pipeline.doc_parser_pipeline - INFO - Extract Images took 33.64s
2025-06-24 10:36:41,940 - backend.pipeline.doc_parser_pipeline - INFO - Format Extracted Text took 0.00s
2025-06-24 10:37:34,049 - backend.pipeline.doc_parser_pipeline - INFO - Format Markdown took 52.11s
2025-06-24 10:37:34,051 - backend.pipeline.doc_parser_pipeline - INFO - Total pipeline time: 96.45s
2025-06-24 10:41:02,208 - backend.main - INFO - Application shutdown begins...
2025-06-24 10:41:02,209 - backend.main - INFO - Application shutdown complete.
2025-06-24 10:45:16,081 - backend.main - INFO - FastAPI application created and configured.
2025-06-24 10:45:16,081 - backend.main - INFO - Application startup begins...
2025-06-24 10:45:16,082 - backend.main - INFO - Application startup complete.
2025-06-24 10:45:36,835 - backend.pipeline.doc_parser_pipeline - INFO - Split took 1.28s
2025-06-24 10:45:41,385 - unstructured_inference - INFO - Reading PDF for file: /home/dedya/UniDocParser/uploads/1929969d-be91-4669-aede-a827ab9d9077_dummy_scanned1.pdf ...
2025-06-24 10:45:47,096 - unstructured_inference - INFO - Loading the Table agent ...
2025-06-24 10:45:47,096 - unstructured_inference - INFO - Loading the table structure model ...
2025-06-24 10:45:47,629 - timm.models._builder - INFO - Loading pretrained weights from Hugging Face hub (timm/resnet18.a1_in1k)
2025-06-24 10:45:47,888 - timm.models._hub - INFO - [timm/resnet18.a1_in1k] Safe alternative available for 'pytorch_model.bin' (as 'model.safetensors'). Loading weights using safetensors.
2025-06-24 10:45:47,901 - timm.models._builder - INFO - Missing keys (fc.weight, fc.bias) discovered while loading pretrained weights. This is expected if model is being adapted.
2025-06-24 10:45:49,194 - backend.pipeline.doc_parser_pipeline - INFO - Extract Elements took 12.36s
2025-06-24 10:46:23,948 - backend.pipeline.doc_parser_pipeline - INFO - Extract Images took 34.75s
2025-06-24 10:46:23,954 - backend.pipeline.doc_parser_pipeline - INFO - Format Extracted Text took 0.01s
2025-06-24 10:47:13,669 - backend.pipeline.doc_parser_pipeline - INFO - Format Markdown took 49.71s
2025-06-24 10:47:13,672 - backend.pipeline.doc_parser_pipeline - INFO - Total pipeline time: 98.12s
2025-06-24 10:50:24,888 - backend.pipeline.doc_parser_pipeline - INFO - Split took 1.36s
2025-06-24 10:50:24,916 - unstructured_inference - INFO - Reading PDF for file: /home/dedya/UniDocParser/uploads/74743357-bfa0-47a3-a7a2-8cec46c78f80_dummy_scanned1.pdf ...
2025-06-24 10:50:31,127 - backend.pipeline.doc_parser_pipeline - INFO - Extract Elements took 6.24s
2025-06-24 10:50:53,422 - backend.pipeline.doc_parser_pipeline - INFO - Extract Images took 22.29s
2025-06-24 10:50:53,426 - backend.pipeline.doc_parser_pipeline - INFO - Format Extracted Text took 0.00s
2025-06-24 10:51:25,422 - backend.pipeline.doc_parser_pipeline - INFO - Format Markdown took 31.99s
2025-06-24 10:51:25,423 - backend.pipeline.doc_parser_pipeline - INFO - Total pipeline time: 61.89s
2025-06-24 10:51:57,588 - backend.pipeline.doc_parser_pipeline - INFO - Split took 1.29s
2025-06-24 10:51:57,625 - unstructured_inference - INFO - Reading PDF for file: /home/dedya/UniDocParser/uploads/9bee111b-05d8-424c-8a01-d576458fce28_dummy_scanned1.pdf ...
2025-06-24 10:52:03,998 - backend.pipeline.doc_parser_pipeline - INFO - Extract Elements took 6.41s
2025-06-24 10:52:25,253 - backend.pipeline.doc_parser_pipeline - INFO - Extract Images took 21.25s
2025-06-24 10:52:25,258 - backend.pipeline.doc_parser_pipeline - INFO - Format Extracted Text took 0.00s
2025-06-24 10:53:05,274 - backend.pipeline.doc_parser_pipeline - INFO - Format Markdown took 40.01s
2025-06-24 10:53:05,275 - backend.pipeline.doc_parser_pipeline - INFO - Total pipeline time: 68.97s
2025-06-24 10:56:12,953 - backend.main - INFO - Application shutdown begins...
2025-06-24 10:56:12,954 - backend.main - INFO - Application shutdown complete.
2025-06-24 16:46:05,169 - backend.main - INFO - FastAPI application created and configured.
2025-06-24 16:46:05,170 - backend.main - INFO - Application startup begins...
2025-06-24 16:46:05,170 - backend.main - INFO - Application startup complete.
2025-06-24 16:46:05,171 - backend.main - INFO - Application shutdown begins...
2025-06-24 16:46:05,171 - backend.main - INFO - Application shutdown complete.
2025-06-24 16:47:01,211 - backend.main - INFO - FastAPI application created and configured.
2025-06-24 16:47:01,211 - backend.main - INFO - Application startup begins...
2025-06-24 16:47:01,212 - backend.main - INFO - Application startup complete.
2025-06-24 16:48:08,499 - backend.pipeline.doc_parser_pipeline - INFO - Split took 5.24s
2025-06-24 16:48:16,722 - unstructured_inference - INFO - Reading PDF for file: /home/dedya/mk.arif/UniDocParser/uploads/1f42cb25-7012-456b-b342-3dee13d5594a_dummy-data.pdf ...
2025-06-24 16:48:33,581 - unstructured_inference - INFO - Loading the Table agent ...
2025-06-24 16:48:34,311 - unstructured_inference - INFO - Loading the table structure model ...
2025-06-24 16:48:35,301 - timm.models._builder - INFO - Loading pretrained weights from Hugging Face hub (timm/resnet18.a1_in1k)
2025-06-24 16:48:35,561 - timm.models._hub - INFO - [timm/resnet18.a1_in1k] Safe alternative available for 'pytorch_model.bin' (as 'model.safetensors'). Loading weights using safetensors.
2025-06-24 16:48:35,570 - timm.models._builder - INFO - Missing keys (fc.weight, fc.bias) discovered while loading pretrained weights. This is expected if model is being adapted.
2025-06-24 16:49:01,854 - backend.pipeline.doc_parser_pipeline - INFO - Extract Elements took 53.35s
2025-06-24 16:50:17,052 - backend.pipeline.doc_parser_pipeline - INFO - Extract Images took 75.20s
2025-06-24 16:50:17,063 - backend.pipeline.doc_parser_pipeline - INFO - Format Extracted Text took 0.01s
2025-06-24 16:53:41,413 - backend.pipeline.doc_parser_pipeline - INFO - Format Markdown took 204.35s
2025-06-24 16:53:41,416 - backend.pipeline.doc_parser_pipeline - INFO - Total pipeline time: 338.16s
2025-06-24 16:56:40,120 - backend.pipeline.doc_parser_pipeline - INFO - Split took 8.34s
2025-06-24 16:56:43,868 - unstructured_inference - INFO - Reading PDF for file: /home/dedya/mk.arif/UniDocParser/uploads/157eafa7-852a-4e48-837e-46531bd76d08_AR for improved learnability.pdf ...
2025-06-24 16:58:01,411 - backend.pipeline.doc_parser_pipeline - INFO - Extract Elements took 81.29s
2025-06-24 16:59:12,536 - backend.pipeline.doc_parser_pipeline - INFO - Extract Images took 71.12s
2025-06-24 16:59:12,577 - backend.pipeline.doc_parser_pipeline - INFO - Format Extracted Text took 0.04s
2025-06-24 17:08:09,475 - backend.pipeline.doc_parser_pipeline - INFO - Format Markdown took 536.90s
2025-06-24 17:08:09,476 - backend.pipeline.doc_parser_pipeline - INFO - Total pipeline time: 697.70s
2025-06-24 17:13:20,312 - backend.main - INFO - Application shutdown begins...
2025-06-24 17:13:20,312 - backend.main - INFO - Application shutdown complete.
2025-06-24 17:15:53,242 - backend.main - INFO - FastAPI application created and configured.
2025-06-24 17:15:53,243 - backend.main - INFO - Application startup begins...
2025-06-24 17:15:53,243 - backend.main - INFO - Application startup complete.
2025-06-24 17:16:30,813 - backend.pipeline.doc_parser_pipeline - INFO - Split took 5.29s
2025-06-24 17:16:38,579 - unstructured_inference - INFO - Reading PDF for file: /home/dedya/mk.arif/UniDocParser/uploads/86f27f28-40f8-441f-aa5d-1ea35b052a27_dummy-data.pdf ...
2025-06-24 17:16:56,779 - unstructured_inference - INFO - Loading the Table agent ...
2025-06-24 17:16:57,042 - unstructured_inference - INFO - Loading the table structure model ...
2025-06-24 17:16:57,584 - timm.models._builder - INFO - Loading pretrained weights from Hugging Face hub (timm/resnet18.a1_in1k)
2025-06-24 17:16:57,854 - timm.models._hub - INFO - [timm/resnet18.a1_in1k] Safe alternative available for 'pytorch_model.bin' (as 'model.safetensors'). Loading weights using safetensors.
2025-06-24 17:16:57,863 - timm.models._builder - INFO - Missing keys (fc.weight, fc.bias) discovered while loading pretrained weights. This is expected if model is being adapted.
2025-06-24 17:17:24,021 - backend.pipeline.doc_parser_pipeline - INFO - Extract Elements took 53.21s
2025-06-24 17:19:08,359 - backend.pipeline.doc_parser_pipeline - INFO - Extract Images took 104.34s
2025-06-24 17:19:08,371 - backend.pipeline.doc_parser_pipeline - INFO - Format Extracted Text took 0.01s
2025-06-24 17:25:25,244 - backend.pipeline.doc_parser_pipeline - INFO - Format Markdown took 376.87s
2025-06-24 17:25:25,247 - backend.pipeline.doc_parser_pipeline - INFO - Total pipeline time: 539.72s
2025-06-24 17:32:46,698 - backend.pipeline.doc_parser_pipeline - INFO - Split took 9.15s
2025-06-24 17:32:50,705 - unstructured_inference - INFO - Reading PDF for file: /home/dedya/mk.arif/UniDocParser/uploads/9f576f51-483a-4886-a92d-baa81fc750ed_AR for improved learnability.pdf ...
2025-06-24 17:34:12,534 - backend.pipeline.doc_parser_pipeline - INFO - Extract Elements took 85.84s
2025-06-24 17:35:53,433 - backend.pipeline.doc_parser_pipeline - INFO - Extract Images took 100.90s
2025-06-24 17:35:53,474 - backend.pipeline.doc_parser_pipeline - INFO - Format Extracted Text took 0.04s
2025-06-24 17:53:50,852 - backend.pipeline.doc_parser_pipeline - INFO - Format Markdown took 1077.38s
2025-06-24 17:53:50,853 - backend.pipeline.doc_parser_pipeline - INFO - Total pipeline time: 1273.30s
2025-06-24 18:14:35,021 - backend.main - INFO - Application shutdown begins...
2025-06-24 18:14:35,021 - backend.main - INFO - Application shutdown complete.
2025-06-24 18:15:06,935 - backend.main - INFO - FastAPI application created and configured.
2025-06-24 18:15:06,936 - backend.main - INFO - Application startup begins...
2025-06-24 18:15:06,936 - backend.main - INFO - Application startup complete.
2025-06-24 19:16:36,055 - backend.pipeline.doc_parser_pipeline - INFO - Split took 5.11s
2025-06-24 19:16:45,041 - unstructured_inference - INFO - Reading PDF for file: /home/dedya/mk.arif/UniDocParser/uploads/a4a624d1-3776-4164-bdf5-bafb89b2faa3_dummy-data.pdf ...
2025-06-24 19:17:03,528 - unstructured_inference - INFO - Loading the Table agent ...
2025-06-24 19:17:04,523 - unstructured_inference - INFO - Loading the table structure model ...
2025-06-24 19:17:05,051 - timm.models._builder - INFO - Loading pretrained weights from Hugging Face hub (timm/resnet18.a1_in1k)
2025-06-24 19:17:05,313 - timm.models._hub - INFO - [timm/resnet18.a1_in1k] Safe alternative available for 'pytorch_model.bin' (as 'model.safetensors'). Loading weights using safetensors.
2025-06-24 19:17:05,322 - timm.models._builder - INFO - Missing keys (fc.weight, fc.bias) discovered while loading pretrained weights. This is expected if model is being adapted.
2025-06-24 19:17:28,985 - backend.pipeline.doc_parser_pipeline - INFO - Extract Elements took 52.93s
2025-06-24 19:18:58,619 - backend.main - INFO - Application shutdown begins...
2025-06-24 19:18:58,619 - backend.main - INFO - Application shutdown complete.
2025-06-24 19:20:02,177 - backend.main - INFO - FastAPI application created and configured.
2025-06-24 19:20:02,178 - backend.main - INFO - Application startup begins...
2025-06-24 19:20:02,178 - backend.main - INFO - Application startup complete.
2025-06-24 19:20:26,532 - backend.pipeline.doc_parser_pipeline - INFO - Split took 5.18s
2025-06-24 19:20:35,093 - unstructured_inference - INFO - Reading PDF for file: /home/dedya/mk.arif/UniDocParser/uploads/18c8fd3b-92be-452f-aef4-81018766c61b_dummy-data.pdf ...
2025-06-24 19:20:52,107 - unstructured_inference - INFO - Loading the Table agent ...
2025-06-24 19:20:52,364 - unstructured_inference - INFO - Loading the table structure model ...
2025-06-24 19:20:53,371 - timm.models._builder - INFO - Loading pretrained weights from Hugging Face hub (timm/resnet18.a1_in1k)
2025-06-24 19:20:53,634 - timm.models._hub - INFO - [timm/resnet18.a1_in1k] Safe alternative available for 'pytorch_model.bin' (as 'model.safetensors'). Loading weights using safetensors.
2025-06-24 19:20:53,642 - timm.models._builder - INFO - Missing keys (fc.weight, fc.bias) discovered while loading pretrained weights. This is expected if model is being adapted.
2025-06-24 19:21:17,062 - backend.pipeline.doc_parser_pipeline - INFO - Extract Elements took 50.53s
2025-06-24 19:22:08,202 - backend.main - INFO - Application shutdown begins...
2025-06-24 19:22:08,202 - backend.main - INFO - Application shutdown complete.
2025-06-24 19:22:58,700 - backend.main - INFO - FastAPI application created and configured.
2025-06-24 19:22:58,700 - backend.main - INFO - Application startup begins...
2025-06-24 19:22:58,701 - backend.main - INFO - Application startup complete.
2025-06-24 19:30:15,907 - backend.pipeline.doc_parser_pipeline - INFO - Split took 4.92s
2025-06-24 19:30:23,683 - unstructured_inference - INFO - Reading PDF for file: /home/dedya/mk.arif/UniDocParser/uploads/491fdbb7-f692-4196-9001-22c3d65e8865_dummy-data.pdf ...
2025-06-24 19:30:42,378 - unstructured_inference - INFO - Loading the Table agent ...
2025-06-24 19:30:42,641 - unstructured_inference - INFO - Loading the table structure model ...
2025-06-24 19:30:43,198 - timm.models._builder - INFO - Loading pretrained weights from Hugging Face hub (timm/resnet18.a1_in1k)
2025-06-24 19:30:43,457 - timm.models._hub - INFO - [timm/resnet18.a1_in1k] Safe alternative available for 'pytorch_model.bin' (as 'model.safetensors'). Loading weights using safetensors.
2025-06-24 19:30:43,465 - timm.models._builder - INFO - Missing keys (fc.weight, fc.bias) discovered while loading pretrained weights. This is expected if model is being adapted.
2025-06-24 19:31:08,257 - backend.pipeline.doc_parser_pipeline - INFO - Extract Elements took 52.35s
2025-06-24 19:32:21,406 - backend.pipeline.doc_parser_pipeline - INFO - Extract Images took 73.15s
2025-06-24 19:32:21,417 - backend.pipeline.doc_parser_pipeline - INFO - Format Extracted Text took 0.01s
2025-06-24 19:35:30,059 - backend.pipeline.doc_parser_pipeline - INFO - Format Markdown took 188.64s
2025-06-24 19:35:30,062 - backend.pipeline.doc_parser_pipeline - INFO - Total pipeline time: 319.07s
2025-06-24 19:36:37,687 - backend.main - INFO - Application shutdown begins...
2025-06-24 19:36:37,688 - backend.main - INFO - Application shutdown complete.
2025-06-24 19:37:13,493 - backend.main - INFO - FastAPI application created and configured.
2025-06-24 19:37:13,495 - backend.main - INFO - Application startup begins...
2025-06-24 19:37:13,495 - backend.main - INFO - Application startup complete.
2025-06-24 19:38:07,645 - backend.pipeline.doc_parser_pipeline - INFO - Split took 8.68s
2025-06-24 19:38:16,809 - unstructured_inference - INFO - Reading PDF for file: /home/dedya/mk.arif/UniDocParser/uploads/b9abc0ce-1d9d-4fc2-a550-05df33c0f462_AR for improved learnability.pdf ...
2025-06-24 19:38:44,873 - unstructured_inference - INFO - Loading the Table agent ...
2025-06-24 19:38:45,137 - unstructured_inference - INFO - Loading the table structure model ...
2025-06-24 19:38:45,760 - timm.models._builder - INFO - Loading pretrained weights from Hugging Face hub (timm/resnet18.a1_in1k)
2025-06-24 19:38:46,028 - timm.models._hub - INFO - [timm/resnet18.a1_in1k] Safe alternative available for 'pytorch_model.bin' (as 'model.safetensors'). Loading weights using safetensors.
2025-06-24 19:38:46,037 - timm.models._builder - INFO - Missing keys (fc.weight, fc.bias) discovered while loading pretrained weights. This is expected if model is being adapted.
2025-06-24 19:39:41,928 - backend.pipeline.doc_parser_pipeline - INFO - Extract Elements took 94.28s
2025-06-24 19:40:21,914 - backend.pipeline.doc_parser_pipeline - INFO - Extract Images took 39.98s
2025-06-24 19:40:21,953 - backend.pipeline.doc_parser_pipeline - INFO - Format Extracted Text took 0.04s
2025-06-24 19:50:22,369 - backend.pipeline.doc_parser_pipeline - INFO - Format Markdown took 600.41s
2025-06-24 19:50:22,373 - backend.pipeline.doc_parser_pipeline - INFO - Total pipeline time: 743.40s
2025-06-24 20:17:14,721 - backend.pipeline.doc_parser_pipeline - INFO - Split took 5.52s
2025-06-24 20:17:18,802 - unstructured_inference - INFO - Reading PDF for file: /home/dedya/mk.arif/UniDocParser/uploads/dce86025-6f64-491b-8b6f-2acf0856a9fb_dummy-data.pdf ...
2025-06-24 20:17:59,338 - backend.pipeline.doc_parser_pipeline - INFO - Extract Elements took 44.62s
2025-06-24 20:18:38,154 - backend.pipeline.doc_parser_pipeline - INFO - Extract Images took 38.82s
2025-06-24 20:18:38,163 - backend.pipeline.doc_parser_pipeline - INFO - Format Extracted Text took 0.01s
2025-06-24 20:22:42,897 - backend.pipeline.doc_parser_pipeline - INFO - Format Markdown took 244.73s
2025-06-24 20:22:42,900 - backend.pipeline.doc_parser_pipeline - INFO - Total pipeline time: 333.70s
2025-06-24 20:25:16,484 - backend.main - INFO - Application shutdown begins...
2025-06-24 20:25:16,485 - backend.main - INFO - Application shutdown complete.
2025-06-24 22:14:41,274 - backend.main - INFO - FastAPI application created and configured.
2025-06-24 22:14:41,275 - backend.main - INFO - Application startup begins...
2025-06-24 22:14:41,275 - backend.main - INFO - Application startup complete.
2025-06-24 22:15:04,935 - backend.main - INFO - Application shutdown begins...
2025-06-24 22:15:04,935 - backend.main - INFO - Application shutdown complete.
2025-06-24 22:16:49,864 - backend.main - INFO - FastAPI application created and configured.
2025-06-24 22:16:49,865 - backend.main - INFO - Application startup begins...
2025-06-24 22:16:49,865 - backend.main - INFO - Application startup complete.
2025-06-24 22:17:21,483 - backend.pipeline.doc_parser_pipeline - INFO - Split took 5.26s
2025-06-24 22:17:29,327 - unstructured_inference - INFO - Reading PDF for file: /home/dedya/mk.arif/UniDocParser/uploads/72a9f25b-3afd-4489-9f2f-869bbdda8e97_dummy-data.pdf ...
2025-06-24 22:17:47,547 - unstructured_inference - INFO - Loading the Table agent ...
2025-06-24 22:17:47,808 - unstructured_inference - INFO - Loading the table structure model ...
2025-06-24 22:17:48,343 - timm.models._builder - INFO - Loading pretrained weights from Hugging Face hub (timm/resnet18.a1_in1k)
2025-06-24 22:17:48,600 - timm.models._hub - INFO - [timm/resnet18.a1_in1k] Safe alternative available for 'pytorch_model.bin' (as 'model.safetensors'). Loading weights using safetensors.
2025-06-24 22:17:48,609 - timm.models._builder - INFO - Missing keys (fc.weight, fc.bias) discovered while loading pretrained weights. This is expected if model is being adapted.
2025-06-24 22:18:14,101 - backend.pipeline.doc_parser_pipeline - INFO - Extract Elements took 52.62s
2025-06-24 22:19:03,230 - backend.pipeline.doc_parser_pipeline - INFO - Extract Images took 49.13s
2025-06-24 22:19:03,241 - backend.pipeline.doc_parser_pipeline - INFO - Format Extracted Text took 0.01s
2025-06-24 22:25:29,040 - backend.pipeline.doc_parser_pipeline - INFO - Format Markdown took 385.80s
2025-06-24 22:25:29,042 - backend.pipeline.doc_parser_pipeline - INFO - Total pipeline time: 492.81s
2025-06-24 22:26:52,691 - backend.main - INFO - Application shutdown begins...
2025-06-24 22:26:52,692 - backend.main - INFO - Application shutdown complete.
2025-06-24 22:29:05,130 - backend.main - INFO - FastAPI application created and configured.
2025-06-24 22:29:05,131 - backend.main - INFO - Application startup begins...
2025-06-24 22:29:05,131 - backend.main - INFO - Application startup complete.
2025-06-24 22:30:26,108 - backend.pipeline.doc_parser_pipeline - INFO - Split took 8.47s
2025-06-24 22:30:34,730 - unstructured_inference - INFO - Reading PDF for file: /home/dedya/mk.arif/UniDocParser/uploads/a7a8e114-afc5-4cf5-a30f-3a35a896c840_AR for improved learnability.pdf ...
2025-06-24 22:31:01,393 - unstructured_inference - INFO - Loading the Table agent ...
2025-06-24 22:31:01,761 - unstructured_inference - INFO - Loading the table structure model ...
2025-06-24 22:31:02,303 - timm.models._builder - INFO - Loading pretrained weights from Hugging Face hub (timm/resnet18.a1_in1k)
2025-06-24 22:31:02,564 - timm.models._hub - INFO - [timm/resnet18.a1_in1k] Safe alternative available for 'pytorch_model.bin' (as 'model.safetensors'). Loading weights using safetensors.
2025-06-24 22:31:02,572 - timm.models._builder - INFO - Missing keys (fc.weight, fc.bias) discovered while loading pretrained weights. This is expected if model is being adapted.
2025-06-24 22:31:59,577 - backend.pipeline.doc_parser_pipeline - INFO - Extract Elements took 93.47s
2025-06-24 22:34:19,816 - backend.pipeline.doc_parser_pipeline - INFO - Extract Images took 140.24s
2025-06-24 22:34:19,861 - backend.pipeline.doc_parser_pipeline - INFO - Format Extracted Text took 0.04s
2025-06-24 22:51:19,072 - backend.pipeline.doc_parser_pipeline - INFO - Format Markdown took 1019.21s
2025-06-24 22:51:19,074 - backend.pipeline.doc_parser_pipeline - INFO - Total pipeline time: 1261.43s
2025-06-24 22:56:50,419 - backend.main - INFO - Application shutdown begins...
2025-06-24 22:56:50,419 - backend.main - INFO - Application shutdown complete.
2025-06-25 09:16:24,089 - backend.main - INFO - FastAPI application created and configured.
2025-06-25 09:16:24,091 - backend.main - INFO - Application startup begins...
2025-06-25 09:16:24,091 - backend.main - INFO - Application startup complete.
2025-06-25 09:36:48,695 - backend.main - INFO - FastAPI application created and configured.
2025-06-25 09:36:48,696 - backend.main - INFO - Application startup begins...
2025-06-25 09:36:48,696 - backend.main - INFO - Application startup complete.
2025-06-25 09:37:35,250 - backend.pipeline.doc_parser_pipeline - INFO - Split took 1.28s
2025-06-25 09:37:44,651 - backend.pipeline.doc_parser_pipeline - INFO - Extract Elements took 9.40s
2025-06-25 09:37:44,654 - backend.pipeline.doc_parser_pipeline - INFO - Extract Images took 0.00s
2025-06-25 09:37:44,776 - backend.pipeline.doc_parser_pipeline - INFO - Format Extracted Text took 0.12s
2025-06-25 09:37:44,778 - backend.pipeline.doc_parser_pipeline - INFO - Total pipeline time: 10.81s
2025-06-25 09:40:12,740 - backend.pipeline.doc_parser_pipeline - INFO - Split took 1.22s
2025-06-25 09:40:18,815 - backend.pipeline.doc_parser_pipeline - INFO - Extract Elements took 6.07s
2025-06-25 09:40:18,818 - backend.pipeline.doc_parser_pipeline - INFO - Extract Images took 0.00s
2025-06-25 09:40:18,921 - backend.pipeline.doc_parser_pipeline - INFO - Format Extracted Text took 0.10s
2025-06-25 09:40:18,921 - backend.pipeline.doc_parser_pipeline - INFO - Total pipeline time: 7.40s
2025-06-25 10:16:38,289 - backend.main - INFO - Application shutdown begins...
2025-06-25 10:16:38,289 - backend.main - INFO - Application shutdown complete.
2025-06-25 10:17:30,050 - backend.main - INFO - FastAPI application created and configured.
2025-06-25 10:17:30,051 - backend.main - INFO - Application startup begins...
2025-06-25 10:17:30,051 - backend.main - INFO - Application startup complete.
2025-06-25 10:18:44,055 - backend.main - INFO - Application shutdown begins...
2025-06-25 10:18:44,055 - backend.main - INFO - Application shutdown complete.
2025-06-25 10:19:34,090 - backend.main - INFO - FastAPI application created and configured.
2025-06-25 10:19:34,091 - backend.main - INFO - Application startup begins...
2025-06-25 10:19:34,091 - backend.main - INFO - Application startup complete.
2025-06-25 10:21:42,373 - backend.main - INFO - Application shutdown begins...
2025-06-25 10:21:42,374 - backend.main - INFO - Application shutdown complete.
2025-06-25 10:22:37,557 - backend.main - INFO - FastAPI application created and configured.
2025-06-25 10:22:37,558 - backend.main - INFO - Application startup begins...
2025-06-25 10:22:37,558 - backend.main - INFO - Application startup complete.
2025-06-25 10:23:12,136 - backend.pipeline.doc_parser_pipeline - INFO - Split took 1.31s
2025-06-25 10:23:21,925 - backend.pipeline.doc_parser_pipeline - INFO - Extract Elements took 9.79s
2025-06-25 10:23:21,928 - backend.pipeline.doc_parser_pipeline - INFO - Extract Images took 0.00s
2025-06-25 10:23:22,033 - backend.pipeline.doc_parser_pipeline - INFO - Format Extracted Text took 0.11s
2025-06-25 10:23:22,035 - backend.pipeline.doc_parser_pipeline - INFO - Total pipeline time: 11.20s
2025-06-25 10:30:47,640 - backend.main - INFO - Application shutdown begins...
2025-06-25 10:30:47,641 - backend.main - INFO - Application shutdown complete.
